[INFO ] 2023-03-25 08:32:12.121 [main] Log - chrome browser is selected
[INFO ] 2023-03-25 08:32:12.716 [main] Log - Opened chrome browser
[INFO ] 2023-03-25 08:32:12.878 [main] Log - Window is maximized
[INFO ] 2023-03-25 08:32:16.331 [main] Log - Opened URL is  https://pulse-stage.projectai.com/login
[INFO ] 2023-03-25 08:32:16.391 [main] Log - LoginPage Test is starting. 
[INFO ] 2023-03-25 08:32:16.558 [main] Log - Text in the element is [[ChromeDriver: chrome on WINDOWS (9da5ea769c846fa7ac342cfb14528124)] -> xpath: //input[@name='username']]is cleared
[INFO ] 2023-03-25 08:32:16.660 [main] Log - Cliked on textbox [[ChromeDriver: chrome on WINDOWS (9da5ea769c846fa7ac342cfb14528124)] -> xpath: //input[@name='username']]
[INFO ] 2023-03-25 08:32:16.865 [main] Log - Entered text on [[ChromeDriver: chrome on WINDOWS (9da5ea769c846fa7ac342cfb14528124)] -> xpath: //input[@name='username']] text
[INFO ] 2023-03-25 08:32:16.976 [main] Log - Text in the element is [[ChromeDriver: chrome on WINDOWS (9da5ea769c846fa7ac342cfb14528124)] -> xpath: //input[@name='password']]is cleared
[INFO ] 2023-03-25 08:32:17.053 [main] Log - Cliked on textbox [[ChromeDriver: chrome on WINDOWS (9da5ea769c846fa7ac342cfb14528124)] -> xpath: //input[@name='password']]
[INFO ] 2023-03-25 08:32:17.164 [main] Log - Entered text on [[ChromeDriver: chrome on WINDOWS (9da5ea769c846fa7ac342cfb14528124)] -> xpath: //input[@name='password']] text
[INFO ] 2023-03-25 08:32:17.251 [main] Log - wait for until element [[ChromeDriver: chrome on WINDOWS (9da5ea769c846fa7ac342cfb14528124)] -> xpath: //button[normalize-space()='Sign In']]is visible
[INFO ] 2023-03-25 08:32:17.341 [main] Log - Clicked on element [[ChromeDriver: chrome on WINDOWS (9da5ea769c846fa7ac342cfb14528124)] -> xpath: //button[normalize-space()='Sign In']]
[INFO ] 2023-03-25 08:32:25.367 [main] Log - LoginPageTest is passed
[INFO ] 2023-03-25 08:32:25.368 [main] Log - LoginPage com.blazeclan.qa.test.testng.LoginTest 5dcb1d08-f3c9-4171-9a02-ad25b9a30312 []
[INFO ] 2023-03-25 08:32:25.670 [main] Log - AboutMe Test is starting. 
[INFO ] 2023-03-25 08:45:07.058 [main] Log - firefox browser is selected
[INFO ] 2023-03-25 08:45:07.452 [main] Log - LoginPage Test is starting. 
[ERROR] 2023-03-25 08:45:07.455 [main] Log - LoginPageTest is failed
[INFO ] 2023-03-25 08:45:07.532 [main] Log - I am on finish method testng
[INFO ] 2023-03-25 08:46:35.092 [main] Log - Opened firefox browser
[INFO ] 2023-03-25 08:46:35.557 [main] Log - Window is maximized
[INFO ] 2023-03-25 08:46:39.813 [main] Log - Opened URL is  https://pulse-stage.projectai.com/login
[INFO ] 2023-03-25 08:46:39.872 [main] Log - LoginPage Test is starting. 
[INFO ] 2023-03-25 08:46:40.388 [main] Log - Text in the element is [[FirefoxDriver: firefox on WINDOWS (63fda837-e8c3-4e2d-b9bf-18bef7a891cd)] -> xpath: //input[@name='username']]is cleared
[INFO ] 2023-03-25 08:46:40.718 [main] Log - Cliked on textbox [[FirefoxDriver: firefox on WINDOWS (63fda837-e8c3-4e2d-b9bf-18bef7a891cd)] -> xpath: //input[@name='username']]
[INFO ] 2023-03-25 08:46:40.923 [main] Log - Entered text on [[FirefoxDriver: firefox on WINDOWS (63fda837-e8c3-4e2d-b9bf-18bef7a891cd)] -> xpath: //input[@name='username']] text
[INFO ] 2023-03-25 08:46:40.969 [main] Log - Text in the element is [[FirefoxDriver: firefox on WINDOWS (63fda837-e8c3-4e2d-b9bf-18bef7a891cd)] -> xpath: //input[@name='password']]is cleared
[INFO ] 2023-03-25 08:46:41.231 [main] Log - Cliked on textbox [[FirefoxDriver: firefox on WINDOWS (63fda837-e8c3-4e2d-b9bf-18bef7a891cd)] -> xpath: //input[@name='password']]
[INFO ] 2023-03-25 08:46:41.359 [main] Log - Entered text on [[FirefoxDriver: firefox on WINDOWS (63fda837-e8c3-4e2d-b9bf-18bef7a891cd)] -> xpath: //input[@name='password']] text
[INFO ] 2023-03-25 08:46:41.472 [main] Log - wait for until element [[FirefoxDriver: firefox on WINDOWS (63fda837-e8c3-4e2d-b9bf-18bef7a891cd)] -> xpath: //button[normalize-space()='Sign In']]is visible
[ERROR] 2023-03-25 08:46:42.545 [main] Log - LoginPageTest is failed
[ERROR] 2023-03-25 08:46:42.554 [main] Log - LoginPageTest is failed
[INFO ] 2023-03-25 08:46:42.722 [main] Log - I am on finish method testng
