[INFO ] 2023-02-16 18:29:30.400 [main] Log - chrome browser selected
[INFO ] 2023-02-16 18:29:30.753 [main] Log - Opened chrome browser
[INFO ] 2023-02-16 18:29:30.888 [main] Log - Window is maximized
[INFO ] 2023-02-16 18:29:36.920 [main] Log - Opened URL is  https://pulse-stage.projectai.com/login
[INFO ] 2023-02-16 18:29:36.967 [main] Log - AboutMe Test is starting. 
[ERROR] 2023-02-16 18:30:02.353 [main] Log - AboutMeTest is failed
[INFO ] 2023-02-16 18:30:02.482 [main] Log - LoginPage Test is starting. 
[INFO ] 2023-02-16 18:30:02.549 [main] Log - Text in the element is [[ChromeDriver: chrome on WINDOWS (3f644e21dd36ac88425c0bec44bc2609)] -> xpath: //input[@name='username']]is cleared
[INFO ] 2023-02-16 18:30:02.606 [main] Log - Cliked on textbox [[ChromeDriver: chrome on WINDOWS (3f644e21dd36ac88425c0bec44bc2609)] -> xpath: //input[@name='username']]
[INFO ] 2023-02-16 18:30:02.740 [main] Log - Entered text on [[ChromeDriver: chrome on WINDOWS (3f644e21dd36ac88425c0bec44bc2609)] -> xpath: //input[@name='username']] text
[INFO ] 2023-02-16 18:30:02.787 [main] Log - Text in the element is [[ChromeDriver: chrome on WINDOWS (3f644e21dd36ac88425c0bec44bc2609)] -> xpath: //input[@name='password']]is cleared
[INFO ] 2023-02-16 18:30:02.830 [main] Log - Cliked on textbox [[ChromeDriver: chrome on WINDOWS (3f644e21dd36ac88425c0bec44bc2609)] -> xpath: //input[@name='password']]
[INFO ] 2023-02-16 18:30:02.893 [main] Log - Entered text on [[ChromeDriver: chrome on WINDOWS (3f644e21dd36ac88425c0bec44bc2609)] -> xpath: //input[@name='password']] text
[INFO ] 2023-02-16 18:30:02.928 [main] Log - wait for until element [[ChromeDriver: chrome on WINDOWS (3f644e21dd36ac88425c0bec44bc2609)] -> xpath: //button[normalize-space()='Sign In']]is visible
[INFO ] 2023-02-16 18:30:02.976 [main] Log - Clicked on element [[ChromeDriver: chrome on WINDOWS (3f644e21dd36ac88425c0bec44bc2609)] -> xpath: //button[normalize-space()='Sign In']]
[INFO ] 2023-02-16 18:30:06.003 [main] Log - LoginPageTest is passed
[INFO ] 2023-02-16 18:30:06.013 [main] Log - LoginPage com.blazeclan.qa.test.testng.LoginTest 9c962fa0-a55e-4020-becb-afca1a670ef0 []
[INFO ] 2023-02-16 18:30:06.112 [main] Log - Logout Test is starting. 
[INFO ] 2023-02-16 18:30:06.165 [main] Log - wait for until element [[ChromeDriver: chrome on WINDOWS (3f644e21dd36ac88425c0bec44bc2609)] -> xpath: //span[@class='_3JU2f9K7FBTWn0MXSKilJa']]is visible
[ERROR] 2023-02-16 18:30:06.216 [main] Log - LogoutTest is failed
[INFO ] 2023-02-16 18:30:06.961 [main] Log - I am on finish method Surefire test
